steps/nnet2/train_pnorm_fast.sh --stage -10 --samples-per-iter 200000 --parallel-opts --gpu 1 --num-threads 1 --minibatch-size 256 --num-jobs-nnet 8 --mix-up 8000 --initial-learning-rate 0.04 --final-learning-rate 0.004 --num-hidden-layers 2 --pnorm-input-dim 2000 --pnorm-output-dim 400 --cmd run.pl ../../data/LIP-RTVE/100fps/speaker-dependent/pase-acoustic-features//train ../../data/LIP-RTVE/lang/ ../../GMM-HMM/exp/LIP-RTVE/100fps/speaker-dependent/pase-acoustic-features/tri3b_ali/ ./exp/LIP-RTVE/100fps/speaker-dependent/pase-acoustic-features/nnet2_hl2_dim2000-400
steps/nnet2/train_pnorm_fast.sh: calling get_lda.sh
steps/nnet2/get_lda.sh --transform-dir ../../GMM-HMM/exp/LIP-RTVE/100fps/speaker-dependent/pase-acoustic-features/tri3b_ali/ --splice-width 4 --cmd run.pl ../../data/LIP-RTVE/100fps/speaker-dependent/pase-acoustic-features//train ../../data/LIP-RTVE/lang/ ../../GMM-HMM/exp/LIP-RTVE/100fps/speaker-dependent/pase-acoustic-features/tri3b_ali/ ./exp/LIP-RTVE/100fps/speaker-dependent/pase-acoustic-features/nnet2_hl2_dim2000-400
steps/nnet2/get_lda.sh: feature type is lda
steps/nnet2/get_lda.sh: using transforms from ../../GMM-HMM/exp/LIP-RTVE/100fps/speaker-dependent/pase-acoustic-features/tri3b_ali/
feat-to-dim 'ark,s,cs:utils/subset_scp.pl --quiet 1000 ../../data/LIP-RTVE/100fps/speaker-dependent/pase-acoustic-features//train/split10/1/feats.scp | apply-cmvn  --utt2spk=ark:../../data/LIP-RTVE/100fps/speaker-dependent/pase-acoustic-features//train/split10/1/utt2spk scp:../../data/LIP-RTVE/100fps/speaker-dependent/pase-acoustic-features//train/split10/1/cmvn.scp scp:- ark:- | splice-feats --left-context=3 --right-context=3 ark:- ark:- | transform-feats ./exp/LIP-RTVE/100fps/speaker-dependent/pase-acoustic-features/nnet2_hl2_dim2000-400/final.mat ark:- ark:- | transform-feats --utt2spk=ark:../../data/LIP-RTVE/100fps/speaker-dependent/pase-acoustic-features//train/split10/1/utt2spk ark:../../GMM-HMM/exp/LIP-RTVE/100fps/speaker-dependent/pase-acoustic-features/tri3b_ali//trans.1 ark:- ark:- |' - 
transform-feats ./exp/LIP-RTVE/100fps/speaker-dependent/pase-acoustic-features/nnet2_hl2_dim2000-400/final.mat ark:- ark:- 
apply-cmvn --utt2spk=ark:../../data/LIP-RTVE/100fps/speaker-dependent/pase-acoustic-features//train/split10/1/utt2spk scp:../../data/LIP-RTVE/100fps/speaker-dependent/pase-acoustic-features//train/split10/1/cmvn.scp scp:- ark:- 
splice-feats --left-context=3 --right-context=3 ark:- ark:- 
transform-feats --utt2spk=ark:../../data/LIP-RTVE/100fps/speaker-dependent/pase-acoustic-features//train/split10/1/utt2spk ark:../../GMM-HMM/exp/LIP-RTVE/100fps/speaker-dependent/pase-acoustic-features/tri3b_ali//trans.1 ark:- ark:- 
WARNING (feat-to-dim[5.5.1038~1-9af2c]:Close():kaldi-io.cc:515) Pipe utils/subset_scp.pl --quiet 1000 ../../data/LIP-RTVE/100fps/speaker-dependent/pase-acoustic-features//train/split10/1/feats.scp | apply-cmvn  --utt2spk=ark:../../data/LIP-RTVE/100fps/speaker-dependent/pase-acoustic-features//train/split10/1/utt2spk scp:../../data/LIP-RTVE/100fps/speaker-dependent/pase-acoustic-features//train/split10/1/cmvn.scp scp:- ark:- | splice-feats --left-context=3 --right-context=3 ark:- ark:- | transform-feats ./exp/LIP-RTVE/100fps/speaker-dependent/pase-acoustic-features/nnet2_hl2_dim2000-400/final.mat ark:- ark:- | transform-feats --utt2spk=ark:../../data/LIP-RTVE/100fps/speaker-dependent/pase-acoustic-features//train/split10/1/utt2spk ark:../../GMM-HMM/exp/LIP-RTVE/100fps/speaker-dependent/pase-acoustic-features/tri3b_ali//trans.1 ark:- ark:- | had nonzero return status 36096
feat-to-dim 'ark,s,cs:utils/subset_scp.pl --quiet 1000 ../../data/LIP-RTVE/100fps/speaker-dependent/pase-acoustic-features//train/split10/1/feats.scp | apply-cmvn  --utt2spk=ark:../../data/LIP-RTVE/100fps/speaker-dependent/pase-acoustic-features//train/split10/1/utt2spk scp:../../data/LIP-RTVE/100fps/speaker-dependent/pase-acoustic-features//train/split10/1/cmvn.scp scp:- ark:- | splice-feats --left-context=3 --right-context=3 ark:- ark:- | transform-feats ./exp/LIP-RTVE/100fps/speaker-dependent/pase-acoustic-features/nnet2_hl2_dim2000-400/final.mat ark:- ark:- | transform-feats --utt2spk=ark:../../data/LIP-RTVE/100fps/speaker-dependent/pase-acoustic-features//train/split10/1/utt2spk ark:../../GMM-HMM/exp/LIP-RTVE/100fps/speaker-dependent/pase-acoustic-features/tri3b_ali//trans.1 ark:- ark:- | splice-feats --left-context=4 --right-context=4 ark:- ark:- |' - 
transform-feats ./exp/LIP-RTVE/100fps/speaker-dependent/pase-acoustic-features/nnet2_hl2_dim2000-400/final.mat ark:- ark:- 
transform-feats --utt2spk=ark:../../data/LIP-RTVE/100fps/speaker-dependent/pase-acoustic-features//train/split10/1/utt2spk ark:../../GMM-HMM/exp/LIP-RTVE/100fps/speaker-dependent/pase-acoustic-features/tri3b_ali//trans.1 ark:- ark:- 
apply-cmvn --utt2spk=ark:../../data/LIP-RTVE/100fps/speaker-dependent/pase-acoustic-features//train/split10/1/utt2spk scp:../../data/LIP-RTVE/100fps/speaker-dependent/pase-acoustic-features//train/split10/1/cmvn.scp scp:- ark:- 
splice-feats --left-context=4 --right-context=4 ark:- ark:- 
splice-feats --left-context=3 --right-context=3 ark:- ark:- 
WARNING (feat-to-dim[5.5.1038~1-9af2c]:Close():kaldi-io.cc:515) Pipe utils/subset_scp.pl --quiet 1000 ../../data/LIP-RTVE/100fps/speaker-dependent/pase-acoustic-features//train/split10/1/feats.scp | apply-cmvn  --utt2spk=ark:../../data/LIP-RTVE/100fps/speaker-dependent/pase-acoustic-features//train/split10/1/utt2spk scp:../../data/LIP-RTVE/100fps/speaker-dependent/pase-acoustic-features//train/split10/1/cmvn.scp scp:- ark:- | splice-feats --left-context=3 --right-context=3 ark:- ark:- | transform-feats ./exp/LIP-RTVE/100fps/speaker-dependent/pase-acoustic-features/nnet2_hl2_dim2000-400/final.mat ark:- ark:- | transform-feats --utt2spk=ark:../../data/LIP-RTVE/100fps/speaker-dependent/pase-acoustic-features//train/split10/1/utt2spk ark:../../GMM-HMM/exp/LIP-RTVE/100fps/speaker-dependent/pase-acoustic-features/tri3b_ali//trans.1 ark:- ark:- | splice-feats --left-context=4 --right-context=4 ark:- ark:- | had nonzero return status 36096
steps/nnet2/get_lda.sh: Accumulating LDA statistics.
steps/nnet2/get_lda.sh: Finished estimating LDA
steps/nnet2/train_pnorm_fast.sh: calling get_egs.sh
steps/nnet2/get_egs.sh --transform-dir ../../GMM-HMM/exp/LIP-RTVE/100fps/speaker-dependent/pase-acoustic-features/tri3b_ali/ --splice-width 4 --samples-per-iter 200000 --num-jobs-nnet 8 --stage 0 --cmd run.pl --io-opts --max-jobs-run 15 ../../data/LIP-RTVE/100fps/speaker-dependent/pase-acoustic-features//train ../../data/LIP-RTVE/lang/ ../../GMM-HMM/exp/LIP-RTVE/100fps/speaker-dependent/pase-acoustic-features/tri3b_ali/ ./exp/LIP-RTVE/100fps/speaker-dependent/pase-acoustic-features/nnet2_hl2_dim2000-400
steps/nnet2/get_egs.sh: feature type is lda
steps/nnet2/get_egs.sh: using transforms from ../../GMM-HMM/exp/LIP-RTVE/100fps/speaker-dependent/pase-acoustic-features/tri3b_ali/
steps/nnet2/get_egs.sh: working out number of frames of training data
utils/data/get_utt2dur.sh: wave file does not exist so getting durations from feats files
feat-to-len scp:../../data/LIP-RTVE/100fps/speaker-dependent/pase-acoustic-features//train/feats.scp ark,t:- 
utils/data/get_utt2dur.sh: computed ../../data/LIP-RTVE/100fps/speaker-dependent/pase-acoustic-features//train/utt2dur
steps/nnet2/get_egs.sh: Every epoch, splitting the data up into 2 iterations,
steps/nnet2/get_egs.sh: giving samples-per-iteration of 202558 (you requested 200000).
Getting validation and training subset examples.
steps/nnet2/get_egs.sh: extracting validation and training-subset alignments.
copy-int-vector ark:- ark,t:- 
LOG (copy-int-vector[5.5.1038~1-9af2c]:main():copy-int-vector.cc:83) Copied 7265 vectors of int32.
Getting subsets of validation examples for diagnostics and combination.
Creating training examples
Generating training examples on disk
steps/nnet2/get_egs.sh: rearranging examples into parts for different parallel jobs
Shuffling the order of training examples
(in order to avoid stressing the disk, these won't all run at once).
steps/nnet2/get_egs.sh: Finished preparing training examples
steps/nnet2/train_pnorm_fast.sh: initializing neural net
Training transition probabilities and setting priors
prepare vector assignment for FixedScaleComponent before softmax
(use priors^-0.25 and rescale to average 1)
insert an additional layer of FixedScaleComponent before softmax
nnet-am-info ./exp/LIP-RTVE/100fps/speaker-dependent/pase-acoustic-features/nnet2_hl2_dim2000-400/0.mdl 
LOG (nnet-am-info[5.5.1038~1-9af2c]:main():nnet-am-info.cc:76) Printed info about ./exp/LIP-RTVE/100fps/speaker-dependent/pase-acoustic-features/nnet2_hl2_dim2000-400/0.mdl
nnet-init ./exp/LIP-RTVE/100fps/speaker-dependent/pase-acoustic-features/nnet2_hl2_dim2000-400/per_element.config - 
LOG (nnet-init[5.5.1038~1-9af2c]:main():nnet-init.cc:69) Initialized raw neural net and wrote it to -
nnet-insert --insert-at=6 --randomize-next-component=false ./exp/LIP-RTVE/100fps/speaker-dependent/pase-acoustic-features/nnet2_hl2_dim2000-400/0.mdl - ./exp/LIP-RTVE/100fps/speaker-dependent/pase-acoustic-features/nnet2_hl2_dim2000-400/0.mdl 
LOG (nnet-insert[5.5.1038~1-9af2c]:main():nnet-insert.cc:106) Inserted 1 components at position 6
LOG (nnet-insert[5.5.1038~1-9af2c]:main():nnet-insert.cc:132) Write neural-net acoustic model to ./exp/LIP-RTVE/100fps/speaker-dependent/pase-acoustic-features/nnet2_hl2_dim2000-400/0.mdl
steps/nnet2/train_pnorm_fast.sh: Will train for 15 + 5 epochs, equalling 
steps/nnet2/train_pnorm_fast.sh: 30 + 10 = 40 iterations, 
steps/nnet2/train_pnorm_fast.sh: (while reducing learning rate) + (with constant learning rate).
steps/nnet2/train_pnorm_fast.sh: Will not do mix up
Training neural net (pass 0)
Training neural net (pass 1)
nnet-am-info ./exp/LIP-RTVE/100fps/speaker-dependent/pase-acoustic-features/nnet2_hl2_dim2000-400/1.mdl 
LOG (nnet-am-info[5.5.1038~1-9af2c]:main():nnet-am-info.cc:76) Printed info about ./exp/LIP-RTVE/100fps/speaker-dependent/pase-acoustic-features/nnet2_hl2_dim2000-400/1.mdl
Training neural net (pass 2)
Training neural net (pass 3)
Training neural net (pass 4)
Training neural net (pass 5)
Training neural net (pass 6)
Training neural net (pass 7)
Training neural net (pass 8)
Training neural net (pass 9)
Training neural net (pass 10)
Training neural net (pass 11)
Training neural net (pass 12)
Training neural net (pass 13)
Training neural net (pass 14)
Training neural net (pass 15)
Training neural net (pass 16)
Training neural net (pass 17)
Training neural net (pass 18)
Training neural net (pass 19)
Training neural net (pass 20)
Training neural net (pass 21)
Training neural net (pass 22)
Warning: the mix up opertion is disabled!
    Ignore mix up leaves number specified
Training neural net (pass 23)
Training neural net (pass 24)
Training neural net (pass 25)
Training neural net (pass 26)
Training neural net (pass 27)
Training neural net (pass 28)
Training neural net (pass 29)
Training neural net (pass 30)
Training neural net (pass 31)
Training neural net (pass 32)
Training neural net (pass 33)
Training neural net (pass 34)
Training neural net (pass 35)
Training neural net (pass 36)
Training neural net (pass 37)
Training neural net (pass 38)
Training neural net (pass 39)
Setting num_iters_final=10
Doing final combination to produce final.mdl
Getting average posterior for purposes of adjusting the priors.
Re-adjusting priors based on computed posteriors
Done
Cleaning up data
steps/nnet2/remove_egs.sh: Finished deleting examples in ./exp/LIP-RTVE/100fps/speaker-dependent/pase-acoustic-features/nnet2_hl2_dim2000-400/egs
steps/nnet2/decode.sh --cmd run.pl --nj 10 --config ./conf/decode.config --transform-dir ../../GMM-HMM/exp/LIP-RTVE/100fps/speaker-dependent/pase-acoustic-features/tri3b/decode_test ../../GMM-HMM/exp/LIP-RTVE/100fps/speaker-dependent/pase-acoustic-features/tri3b/graph ../../data/LIP-RTVE/100fps/speaker-dependent/pase-acoustic-features//test ./exp/LIP-RTVE/100fps/speaker-dependent/pase-acoustic-features/nnet2_hl2_dim2000-400/decode_test
steps/nnet2/decode.sh: feature type is lda
steps/nnet2/decode.sh: using transforms from ../../GMM-HMM/exp/LIP-RTVE/100fps/speaker-dependent/pase-acoustic-features/tri3b/decode_test
steps/diagnostic/analyze_lats.sh --cmd run.pl --iter final ../../GMM-HMM/exp/LIP-RTVE/100fps/speaker-dependent/pase-acoustic-features/tri3b/graph ./exp/LIP-RTVE/100fps/speaker-dependent/pase-acoustic-features/nnet2_hl2_dim2000-400/decode_test
analyze_phone_length_stats.py: WARNING: optional-silence sil is seen only 61.57142857142857% of the time at utterance end.  This may not be optimal.
steps/diagnostic/analyze_lats.sh: see stats in ./exp/LIP-RTVE/100fps/speaker-dependent/pase-acoustic-features/nnet2_hl2_dim2000-400/decode_test/log/analyze_alignments.log
Overall, lattice depth (10,50,90-percentile)=(1,1,3) and mean=2.0
steps/diagnostic/analyze_lats.sh: see stats in ./exp/LIP-RTVE/100fps/speaker-dependent/pase-acoustic-features/nnet2_hl2_dim2000-400/decode_test/log/analyze_lattice_depth_stats.log
score best paths
local/score.sh --iter final --min-lmwt 1 --max-lmwt 20 --beam 13 --word-ins-penalty -5.0,-4.0,-3.0,-2.0,-1.0,0.0,1.0,2.0,3.0,4.0,5.0 --cmd run.pl ../../data/LIP-RTVE/100fps/speaker-dependent/pase-acoustic-features//test ../../GMM-HMM/exp/LIP-RTVE/100fps/speaker-dependent/pase-acoustic-features/tri3b/graph ./exp/LIP-RTVE/100fps/speaker-dependent/pase-acoustic-features/nnet2_hl2_dim2000-400/decode_test
local/score.sh: scoring with word insertion penalty=-5.0,-4.0,-3.0,-2.0,-1.0,0.0,1.0,2.0,3.0,4.0,5.0
./exp/LIP-RTVE/100fps/speaker-dependent/pase-acoustic-features/nnet2_hl2_dim2000-400/decode_test/wer_10_-1.0
%WER 8.42 [ 1791 / 21259, 470 ins, 282 del, 1039 sub ]
%SER 49.29 [ 690 / 1400 ]
./exp/LIP-RTVE/100fps/speaker-dependent/pase-acoustic-features/nnet2_hl2_dim2000-400/decode_test/wer_10_-2.0
%WER 8.94 [ 1901 / 21259, 611 ins, 220 del, 1070 sub ]
%SER 50.14 [ 702 / 1400 ]
./exp/LIP-RTVE/100fps/speaker-dependent/pase-acoustic-features/nnet2_hl2_dim2000-400/decode_test/wer_10_-3.0
%WER 9.52 [ 2024 / 21259, 749 ins, 177 del, 1098 sub ]
%SER 51.07 [ 715 / 1400 ]
./exp/LIP-RTVE/100fps/speaker-dependent/pase-acoustic-features/nnet2_hl2_dim2000-400/decode_test/wer_10_-4.0
%WER 10.29 [ 2187 / 21259, 897 ins, 154 del, 1136 sub ]
%SER 52.79 [ 739 / 1400 ]
./exp/LIP-RTVE/100fps/speaker-dependent/pase-acoustic-features/nnet2_hl2_dim2000-400/decode_test/wer_10_-5.0
%WER 11.36 [ 2415 / 21259, 1076 ins, 130 del, 1209 sub ]
%SER 55.50 [ 777 / 1400 ]
./exp/LIP-RTVE/100fps/speaker-dependent/pase-acoustic-features/nnet2_hl2_dim2000-400/decode_test/wer_10_0.0
%WER 8.17 [ 1736 / 21259, 367 ins, 344 del, 1025 sub ]
%SER 48.64 [ 681 / 1400 ]
./exp/LIP-RTVE/100fps/speaker-dependent/pase-acoustic-features/nnet2_hl2_dim2000-400/decode_test/wer_10_1.0
%WER 8.21 [ 1746 / 21259, 301 ins, 429 del, 1016 sub ]
%SER 49.57 [ 694 / 1400 ]
./exp/LIP-RTVE/100fps/speaker-dependent/pase-acoustic-features/nnet2_hl2_dim2000-400/decode_test/wer_10_2.0
%WER 8.39 [ 1784 / 21259, 251 ins, 513 del, 1020 sub ]
%SER 50.36 [ 705 / 1400 ]
./exp/LIP-RTVE/100fps/speaker-dependent/pase-acoustic-features/nnet2_hl2_dim2000-400/decode_test/wer_10_3.0
%WER 8.86 [ 1884 / 21259, 209 ins, 642 del, 1033 sub ]
%SER 51.64 [ 723 / 1400 ]
./exp/LIP-RTVE/100fps/speaker-dependent/pase-acoustic-features/nnet2_hl2_dim2000-400/decode_test/wer_10_4.0
%WER 9.27 [ 1970 / 21259, 180 ins, 735 del, 1055 sub ]
%SER 52.79 [ 739 / 1400 ]
./exp/LIP-RTVE/100fps/speaker-dependent/pase-acoustic-features/nnet2_hl2_dim2000-400/decode_test/wer_10_5.0
%WER 9.79 [ 2081 / 21259, 150 ins, 846 del, 1085 sub ]
%SER 54.57 [ 764 / 1400 ]
./exp/LIP-RTVE/100fps/speaker-dependent/pase-acoustic-features/nnet2_hl2_dim2000-400/decode_test/wer_11_-1.0
%WER 8.18 [ 1739 / 21259, 435 ins, 283 del, 1021 sub ]
%SER 49.00 [ 686 / 1400 ]
./exp/LIP-RTVE/100fps/speaker-dependent/pase-acoustic-features/nnet2_hl2_dim2000-400/decode_test/wer_11_-2.0
%WER 8.78 [ 1867 / 21259, 587 ins, 222 del, 1058 sub ]
%SER 50.21 [ 703 / 1400 ]
./exp/LIP-RTVE/100fps/speaker-dependent/pase-acoustic-features/nnet2_hl2_dim2000-400/decode_test/wer_11_-3.0
%WER 9.45 [ 2008 / 21259, 734 ins, 177 del, 1097 sub ]
%SER 51.36 [ 719 / 1400 ]
./exp/LIP-RTVE/100fps/speaker-dependent/pase-acoustic-features/nnet2_hl2_dim2000-400/decode_test/wer_11_-4.0
%WER 10.25 [ 2178 / 21259, 892 ins, 151 del, 1135 sub ]
%SER 53.36 [ 747 / 1400 ]
./exp/LIP-RTVE/100fps/speaker-dependent/pase-acoustic-features/nnet2_hl2_dim2000-400/decode_test/wer_11_-5.0
%WER 11.29 [ 2401 / 21259, 1075 ins, 122 del, 1204 sub ]
%SER 55.93 [ 783 / 1400 ]
./exp/LIP-RTVE/100fps/speaker-dependent/pase-acoustic-features/nnet2_hl2_dim2000-400/decode_test/wer_11_0.0
%WER 7.94 [ 1689 / 21259, 340 ins, 348 del, 1001 sub ]
%SER 48.71 [ 682 / 1400 ]
./exp/LIP-RTVE/100fps/speaker-dependent/pase-acoustic-features/nnet2_hl2_dim2000-400/decode_test/wer_11_1.0
%WER 8.07 [ 1715 / 21259, 276 ins, 443 del, 996 sub ]
%SER 49.64 [ 695 / 1400 ]
./exp/LIP-RTVE/100fps/speaker-dependent/pase-acoustic-features/nnet2_hl2_dim2000-400/decode_test/wer_11_2.0
%WER 8.28 [ 1761 / 21259, 223 ins, 545 del, 993 sub ]
%SER 50.64 [ 709 / 1400 ]
./exp/LIP-RTVE/100fps/speaker-dependent/pase-acoustic-features/nnet2_hl2_dim2000-400/decode_test/wer_11_3.0
%WER 8.84 [ 1879 / 21259, 183 ins, 675 del, 1021 sub ]
%SER 52.00 [ 728 / 1400 ]
./exp/LIP-RTVE/100fps/speaker-dependent/pase-acoustic-features/nnet2_hl2_dim2000-400/decode_test/wer_11_4.0
%WER 9.31 [ 1979 / 21259, 158 ins, 775 del, 1046 sub ]
%SER 53.57 [ 750 / 1400 ]
./exp/LIP-RTVE/100fps/speaker-dependent/pase-acoustic-features/nnet2_hl2_dim2000-400/decode_test/wer_11_5.0
%WER 9.95 [ 2116 / 21259, 142 ins, 893 del, 1081 sub ]
%SER 55.57 [ 778 / 1400 ]
./exp/LIP-RTVE/100fps/speaker-dependent/pase-acoustic-features/nnet2_hl2_dim2000-400/decode_test/wer_12_-1.0
%WER 8.05 [ 1712 / 21259, 421 ins, 284 del, 1007 sub ]
%SER 49.21 [ 689 / 1400 ]
./exp/LIP-RTVE/100fps/speaker-dependent/pase-acoustic-features/nnet2_hl2_dim2000-400/decode_test/wer_12_-2.0
%WER 8.60 [ 1828 / 21259, 560 ins, 225 del, 1043 sub ]
%SER 50.07 [ 701 / 1400 ]
./exp/LIP-RTVE/100fps/speaker-dependent/pase-acoustic-features/nnet2_hl2_dim2000-400/decode_test/wer_12_-3.0
%WER 9.35 [ 1988 / 21259, 724 ins, 177 del, 1087 sub ]
%SER 51.50 [ 721 / 1400 ]
./exp/LIP-RTVE/100fps/speaker-dependent/pase-acoustic-features/nnet2_hl2_dim2000-400/decode_test/wer_12_-4.0
%WER 10.22 [ 2172 / 21259, 885 ins, 146 del, 1141 sub ]
%SER 53.86 [ 754 / 1400 ]
./exp/LIP-RTVE/100fps/speaker-dependent/pase-acoustic-features/nnet2_hl2_dim2000-400/decode_test/wer_12_-5.0
%WER 11.41 [ 2425 / 21259, 1099 ins, 120 del, 1206 sub ]
%SER 57.21 [ 801 / 1400 ]
./exp/LIP-RTVE/100fps/speaker-dependent/pase-acoustic-features/nnet2_hl2_dim2000-400/decode_test/wer_12_0.0
%WER 7.81 [ 1661 / 21259, 317 ins, 357 del, 987 sub ]
%SER 49.00 [ 686 / 1400 ]
./exp/LIP-RTVE/100fps/speaker-dependent/pase-acoustic-features/nnet2_hl2_dim2000-400/decode_test/wer_12_1.0
%WER 7.96 [ 1693 / 21259, 255 ins, 455 del, 983 sub ]
%SER 49.86 [ 698 / 1400 ]
./exp/LIP-RTVE/100fps/speaker-dependent/pase-acoustic-features/nnet2_hl2_dim2000-400/decode_test/wer_12_2.0
%WER 8.30 [ 1765 / 21259, 201 ins, 573 del, 991 sub ]
%SER 51.07 [ 715 / 1400 ]
./exp/LIP-RTVE/100fps/speaker-dependent/pase-acoustic-features/nnet2_hl2_dim2000-400/decode_test/wer_12_3.0
%WER 8.95 [ 1902 / 21259, 164 ins, 715 del, 1023 sub ]
%SER 52.86 [ 740 / 1400 ]
./exp/LIP-RTVE/100fps/speaker-dependent/pase-acoustic-features/nnet2_hl2_dim2000-400/decode_test/wer_12_4.0
%WER 9.38 [ 1994 / 21259, 148 ins, 810 del, 1036 sub ]
%SER 54.14 [ 758 / 1400 ]
./exp/LIP-RTVE/100fps/speaker-dependent/pase-acoustic-features/nnet2_hl2_dim2000-400/decode_test/wer_12_5.0
%WER 10.17 [ 2163 / 21259, 125 ins, 951 del, 1087 sub ]
%SER 56.50 [ 791 / 1400 ]
./exp/LIP-RTVE/100fps/speaker-dependent/pase-acoustic-features/nnet2_hl2_dim2000-400/decode_test/wer_13_-1.0
%WER 7.87 [ 1674 / 21259, 392 ins, 292 del, 990 sub ]
%SER 49.29 [ 690 / 1400 ]
./exp/LIP-RTVE/100fps/speaker-dependent/pase-acoustic-features/nnet2_hl2_dim2000-400/decode_test/wer_13_-2.0
%WER 8.49 [ 1804 / 21259, 539 ins, 227 del, 1038 sub ]
%SER 50.79 [ 711 / 1400 ]
./exp/LIP-RTVE/100fps/speaker-dependent/pase-acoustic-features/nnet2_hl2_dim2000-400/decode_test/wer_13_-3.0
%WER 9.25 [ 1967 / 21259, 699 ins, 179 del, 1089 sub ]
%SER 51.93 [ 727 / 1400 ]
./exp/LIP-RTVE/100fps/speaker-dependent/pase-acoustic-features/nnet2_hl2_dim2000-400/decode_test/wer_13_-4.0
%WER 10.21 [ 2170 / 21259, 889 ins, 143 del, 1138 sub ]
%SER 54.43 [ 762 / 1400 ]
./exp/LIP-RTVE/100fps/speaker-dependent/pase-acoustic-features/nnet2_hl2_dim2000-400/decode_test/wer_13_-5.0
%WER 11.44 [ 2432 / 21259, 1108 ins, 119 del, 1205 sub ]
%SER 58.00 [ 812 / 1400 ]
./exp/LIP-RTVE/100fps/speaker-dependent/pase-acoustic-features/nnet2_hl2_dim2000-400/decode_test/wer_13_0.0
%WER 7.73 [ 1643 / 21259, 297 ins, 369 del, 977 sub ]
%SER 49.07 [ 687 / 1400 ]
./exp/LIP-RTVE/100fps/speaker-dependent/pase-acoustic-features/nnet2_hl2_dim2000-400/decode_test/wer_13_1.0
%WER 7.90 [ 1680 / 21259, 236 ins, 474 del, 970 sub ]
%SER 50.21 [ 703 / 1400 ]
./exp/LIP-RTVE/100fps/speaker-dependent/pase-acoustic-features/nnet2_hl2_dim2000-400/decode_test/wer_13_2.0
%WER 8.34 [ 1772 / 21259, 176 ins, 605 del, 991 sub ]
%SER 51.64 [ 723 / 1400 ]
./exp/LIP-RTVE/100fps/speaker-dependent/pase-acoustic-features/nnet2_hl2_dim2000-400/decode_test/wer_13_3.0
%WER 9.00 [ 1913 / 21259, 158 ins, 735 del, 1020 sub ]
%SER 53.50 [ 749 / 1400 ]
./exp/LIP-RTVE/100fps/speaker-dependent/pase-acoustic-features/nnet2_hl2_dim2000-400/decode_test/wer_13_4.0
%WER 9.51 [ 2022 / 21259, 133 ins, 854 del, 1035 sub ]
%SER 55.29 [ 774 / 1400 ]
./exp/LIP-RTVE/100fps/speaker-dependent/pase-acoustic-features/nnet2_hl2_dim2000-400/decode_test/wer_13_5.0
%WER 10.36 [ 2203 / 21259, 117 ins, 1001 del, 1085 sub ]
%SER 57.50 [ 805 / 1400 ]
./exp/LIP-RTVE/100fps/speaker-dependent/pase-acoustic-features/nnet2_hl2_dim2000-400/decode_test/wer_14_-1.0
%WER 7.78 [ 1655 / 21259, 375 ins, 300 del, 980 sub ]
%SER 49.57 [ 694 / 1400 ]
./exp/LIP-RTVE/100fps/speaker-dependent/pase-acoustic-features/nnet2_hl2_dim2000-400/decode_test/wer_14_-2.0
%WER 8.33 [ 1771 / 21259, 512 ins, 229 del, 1030 sub ]
%SER 50.57 [ 708 / 1400 ]
./exp/LIP-RTVE/100fps/speaker-dependent/pase-acoustic-features/nnet2_hl2_dim2000-400/decode_test/wer_14_-3.0
%WER 9.16 [ 1947 / 21259, 696 ins, 174 del, 1077 sub ]
%SER 52.00 [ 728 / 1400 ]
./exp/LIP-RTVE/100fps/speaker-dependent/pase-acoustic-features/nnet2_hl2_dim2000-400/decode_test/wer_14_-4.0
%WER 10.22 [ 2172 / 21259, 898 ins, 142 del, 1132 sub ]
%SER 55.43 [ 776 / 1400 ]
./exp/LIP-RTVE/100fps/speaker-dependent/pase-acoustic-features/nnet2_hl2_dim2000-400/decode_test/wer_14_-5.0
%WER 11.49 [ 2443 / 21259, 1128 ins, 121 del, 1194 sub ]
%SER 58.57 [ 820 / 1400 ]
./exp/LIP-RTVE/100fps/speaker-dependent/pase-acoustic-features/nnet2_hl2_dim2000-400/decode_test/wer_14_0.0
%WER 7.65 [ 1627 / 21259, 279 ins, 378 del, 970 sub ]
%SER 49.29 [ 690 / 1400 ]
./exp/LIP-RTVE/100fps/speaker-dependent/pase-acoustic-features/nnet2_hl2_dim2000-400/decode_test/wer_14_1.0
%WER 7.89 [ 1678 / 21259, 220 ins, 491 del, 967 sub ]
%SER 50.43 [ 706 / 1400 ]
./exp/LIP-RTVE/100fps/speaker-dependent/pase-acoustic-features/nnet2_hl2_dim2000-400/decode_test/wer_14_2.0
%WER 8.42 [ 1791 / 21259, 169 ins, 638 del, 984 sub ]
%SER 52.29 [ 732 / 1400 ]
./exp/LIP-RTVE/100fps/speaker-dependent/pase-acoustic-features/nnet2_hl2_dim2000-400/decode_test/wer_14_3.0
%WER 9.04 [ 1922 / 21259, 145 ins, 763 del, 1014 sub ]
%SER 54.14 [ 758 / 1400 ]
./exp/LIP-RTVE/100fps/speaker-dependent/pase-acoustic-features/nnet2_hl2_dim2000-400/decode_test/wer_14_4.0
%WER 9.63 [ 2048 / 21259, 122 ins, 889 del, 1037 sub ]
%SER 56.00 [ 784 / 1400 ]
./exp/LIP-RTVE/100fps/speaker-dependent/pase-acoustic-features/nnet2_hl2_dim2000-400/decode_test/wer_14_5.0
%WER 10.51 [ 2235 / 21259, 114 ins, 1029 del, 1092 sub ]
%SER 57.86 [ 810 / 1400 ]
./exp/LIP-RTVE/100fps/speaker-dependent/pase-acoustic-features/nnet2_hl2_dim2000-400/decode_test/wer_15_-1.0
%WER 7.78 [ 1654 / 21259, 360 ins, 305 del, 989 sub ]
%SER 49.93 [ 699 / 1400 ]
./exp/LIP-RTVE/100fps/speaker-dependent/pase-acoustic-features/nnet2_hl2_dim2000-400/decode_test/wer_15_-2.0
%WER 8.32 [ 1769 / 21259, 496 ins, 233 del, 1040 sub ]
%SER 50.79 [ 711 / 1400 ]
./exp/LIP-RTVE/100fps/speaker-dependent/pase-acoustic-features/nnet2_hl2_dim2000-400/decode_test/wer_15_-3.0
%WER 9.13 [ 1941 / 21259, 680 ins, 175 del, 1086 sub ]
%SER 52.29 [ 732 / 1400 ]
./exp/LIP-RTVE/100fps/speaker-dependent/pase-acoustic-features/nnet2_hl2_dim2000-400/decode_test/wer_15_-4.0
%WER 10.23 [ 2174 / 21259, 895 ins, 141 del, 1138 sub ]
%SER 55.71 [ 780 / 1400 ]
./exp/LIP-RTVE/100fps/speaker-dependent/pase-acoustic-features/nnet2_hl2_dim2000-400/decode_test/wer_15_-5.0
%WER 11.58 [ 2462 / 21259, 1137 ins, 121 del, 1204 sub ]
%SER 59.29 [ 830 / 1400 ]
./exp/LIP-RTVE/100fps/speaker-dependent/pase-acoustic-features/nnet2_hl2_dim2000-400/decode_test/wer_15_0.0
%WER 7.66 [ 1628 / 21259, 268 ins, 391 del, 969 sub ]
%SER 49.79 [ 697 / 1400 ]
./exp/LIP-RTVE/100fps/speaker-dependent/pase-acoustic-features/nnet2_hl2_dim2000-400/decode_test/wer_15_1.0
%WER 7.91 [ 1681 / 21259, 203 ins, 510 del, 968 sub ]
%SER 50.79 [ 711 / 1400 ]
./exp/LIP-RTVE/100fps/speaker-dependent/pase-acoustic-features/nnet2_hl2_dim2000-400/decode_test/wer_15_2.0
%WER 8.52 [ 1811 / 21259, 165 ins, 662 del, 984 sub ]
%SER 52.93 [ 741 / 1400 ]
./exp/LIP-RTVE/100fps/speaker-dependent/pase-acoustic-features/nnet2_hl2_dim2000-400/decode_test/wer_15_3.0
%WER 9.10 [ 1934 / 21259, 133 ins, 785 del, 1016 sub ]
%SER 54.64 [ 765 / 1400 ]
./exp/LIP-RTVE/100fps/speaker-dependent/pase-acoustic-features/nnet2_hl2_dim2000-400/decode_test/wer_15_4.0
%WER 9.88 [ 2101 / 21259, 117 ins, 928 del, 1056 sub ]
%SER 56.64 [ 793 / 1400 ]
./exp/LIP-RTVE/100fps/speaker-dependent/pase-acoustic-features/nnet2_hl2_dim2000-400/decode_test/wer_15_5.0
%WER 10.57 [ 2247 / 21259, 114 ins, 1032 del, 1101 sub ]
%SER 58.07 [ 813 / 1400 ]
./exp/LIP-RTVE/100fps/speaker-dependent/pase-acoustic-features/nnet2_hl2_dim2000-400/decode_test/wer_16_-1.0
%WER 7.74 [ 1645 / 21259, 340 ins, 313 del, 992 sub ]
%SER 50.29 [ 704 / 1400 ]
./exp/LIP-RTVE/100fps/speaker-dependent/pase-acoustic-features/nnet2_hl2_dim2000-400/decode_test/wer_16_-2.0
%WER 8.41 [ 1788 / 21259, 497 ins, 243 del, 1048 sub ]
%SER 51.21 [ 717 / 1400 ]
./exp/LIP-RTVE/100fps/speaker-dependent/pase-acoustic-features/nnet2_hl2_dim2000-400/decode_test/wer_16_-3.0
%WER 9.16 [ 1948 / 21259, 671 ins, 177 del, 1100 sub ]
%SER 52.79 [ 739 / 1400 ]
./exp/LIP-RTVE/100fps/speaker-dependent/pase-acoustic-features/nnet2_hl2_dim2000-400/decode_test/wer_16_-4.0
%WER 10.27 [ 2184 / 21259, 896 ins, 142 del, 1146 sub ]
%SER 56.43 [ 790 / 1400 ]
./exp/LIP-RTVE/100fps/speaker-dependent/pase-acoustic-features/nnet2_hl2_dim2000-400/decode_test/wer_16_-5.0
%WER 11.58 [ 2461 / 21259, 1128 ins, 116 del, 1217 sub ]
%SER 59.50 [ 833 / 1400 ]
./exp/LIP-RTVE/100fps/speaker-dependent/pase-acoustic-features/nnet2_hl2_dim2000-400/decode_test/wer_16_0.0
%WER 7.70 [ 1637 / 21259, 257 ins, 406 del, 974 sub ]
%SER 50.29 [ 704 / 1400 ]
./exp/LIP-RTVE/100fps/speaker-dependent/pase-acoustic-features/nnet2_hl2_dim2000-400/decode_test/wer_16_1.0
%WER 7.98 [ 1697 / 21259, 194 ins, 534 del, 969 sub ]
%SER 51.14 [ 716 / 1400 ]
./exp/LIP-RTVE/100fps/speaker-dependent/pase-acoustic-features/nnet2_hl2_dim2000-400/decode_test/wer_16_2.0
%WER 8.67 [ 1844 / 21259, 155 ins, 692 del, 997 sub ]
%SER 53.71 [ 752 / 1400 ]
./exp/LIP-RTVE/100fps/speaker-dependent/pase-acoustic-features/nnet2_hl2_dim2000-400/decode_test/wer_16_3.0
%WER 9.29 [ 1975 / 21259, 131 ins, 819 del, 1025 sub ]
%SER 55.71 [ 780 / 1400 ]
./exp/LIP-RTVE/100fps/speaker-dependent/pase-acoustic-features/nnet2_hl2_dim2000-400/decode_test/wer_16_4.0
%WER 10.03 [ 2133 / 21259, 116 ins, 948 del, 1069 sub ]
%SER 57.07 [ 799 / 1400 ]
./exp/LIP-RTVE/100fps/speaker-dependent/pase-acoustic-features/nnet2_hl2_dim2000-400/decode_test/wer_16_5.0
%WER 10.61 [ 2256 / 21259, 113 ins, 1036 del, 1107 sub ]
%SER 58.21 [ 815 / 1400 ]
./exp/LIP-RTVE/100fps/speaker-dependent/pase-acoustic-features/nnet2_hl2_dim2000-400/decode_test/wer_17_-1.0
%WER 7.73 [ 1644 / 21259, 328 ins, 320 del, 996 sub ]
%SER 50.21 [ 703 / 1400 ]
./exp/LIP-RTVE/100fps/speaker-dependent/pase-acoustic-features/nnet2_hl2_dim2000-400/decode_test/wer_17_-2.0
%WER 8.38 [ 1781 / 21259, 483 ins, 248 del, 1050 sub ]
%SER 51.36 [ 719 / 1400 ]
./exp/LIP-RTVE/100fps/speaker-dependent/pase-acoustic-features/nnet2_hl2_dim2000-400/decode_test/wer_17_-3.0
%WER 9.21 [ 1958 / 21259, 673 ins, 176 del, 1109 sub ]
%SER 52.93 [ 741 / 1400 ]
./exp/LIP-RTVE/100fps/speaker-dependent/pase-acoustic-features/nnet2_hl2_dim2000-400/decode_test/wer_17_-4.0
%WER 10.29 [ 2188 / 21259, 891 ins, 145 del, 1152 sub ]
%SER 56.64 [ 793 / 1400 ]
./exp/LIP-RTVE/100fps/speaker-dependent/pase-acoustic-features/nnet2_hl2_dim2000-400/decode_test/wer_17_-5.0
%WER 11.55 [ 2456 / 21259, 1121 ins, 118 del, 1217 sub ]
%SER 59.93 [ 839 / 1400 ]
./exp/LIP-RTVE/100fps/speaker-dependent/pase-acoustic-features/nnet2_hl2_dim2000-400/decode_test/wer_17_0.0
%WER 7.73 [ 1643 / 21259, 244 ins, 420 del, 979 sub ]
%SER 50.29 [ 704 / 1400 ]
./exp/LIP-RTVE/100fps/speaker-dependent/pase-acoustic-features/nnet2_hl2_dim2000-400/decode_test/wer_17_1.0
%WER 8.04 [ 1710 / 21259, 191 ins, 546 del, 973 sub ]
%SER 51.29 [ 718 / 1400 ]
./exp/LIP-RTVE/100fps/speaker-dependent/pase-acoustic-features/nnet2_hl2_dim2000-400/decode_test/wer_17_2.0
%WER 8.73 [ 1855 / 21259, 144 ins, 706 del, 1005 sub ]
%SER 53.86 [ 754 / 1400 ]
./exp/LIP-RTVE/100fps/speaker-dependent/pase-acoustic-features/nnet2_hl2_dim2000-400/decode_test/wer_17_3.0
%WER 9.40 [ 1998 / 21259, 128 ins, 841 del, 1029 sub ]
%SER 55.93 [ 783 / 1400 ]
./exp/LIP-RTVE/100fps/speaker-dependent/pase-acoustic-features/nnet2_hl2_dim2000-400/decode_test/wer_17_4.0
%WER 10.11 [ 2149 / 21259, 115 ins, 955 del, 1079 sub ]
%SER 57.14 [ 800 / 1400 ]
./exp/LIP-RTVE/100fps/speaker-dependent/pase-acoustic-features/nnet2_hl2_dim2000-400/decode_test/wer_17_5.0
%WER 10.70 [ 2275 / 21259, 112 ins, 1043 del, 1120 sub ]
%SER 58.36 [ 817 / 1400 ]
./exp/LIP-RTVE/100fps/speaker-dependent/pase-acoustic-features/nnet2_hl2_dim2000-400/decode_test/wer_18_-1.0
%WER 7.73 [ 1643 / 21259, 320 ins, 331 del, 992 sub ]
%SER 50.21 [ 703 / 1400 ]
./exp/LIP-RTVE/100fps/speaker-dependent/pase-acoustic-features/nnet2_hl2_dim2000-400/decode_test/wer_18_-2.0
%WER 8.30 [ 1765 / 21259, 466 ins, 249 del, 1050 sub ]
%SER 51.50 [ 721 / 1400 ]
./exp/LIP-RTVE/100fps/speaker-dependent/pase-acoustic-features/nnet2_hl2_dim2000-400/decode_test/wer_18_-3.0
%WER 9.16 [ 1948 / 21259, 668 ins, 180 del, 1100 sub ]
%SER 53.07 [ 743 / 1400 ]
./exp/LIP-RTVE/100fps/speaker-dependent/pase-acoustic-features/nnet2_hl2_dim2000-400/decode_test/wer_18_-4.0
%WER 10.29 [ 2187 / 21259, 892 ins, 146 del, 1149 sub ]
%SER 56.57 [ 792 / 1400 ]
./exp/LIP-RTVE/100fps/speaker-dependent/pase-acoustic-features/nnet2_hl2_dim2000-400/decode_test/wer_18_-5.0
%WER 11.53 [ 2452 / 21259, 1117 ins, 120 del, 1215 sub ]
%SER 60.14 [ 842 / 1400 ]
./exp/LIP-RTVE/100fps/speaker-dependent/pase-acoustic-features/nnet2_hl2_dim2000-400/decode_test/wer_18_0.0
%WER 7.76 [ 1650 / 21259, 238 ins, 437 del, 975 sub ]
%SER 50.79 [ 711 / 1400 ]
./exp/LIP-RTVE/100fps/speaker-dependent/pase-acoustic-features/nnet2_hl2_dim2000-400/decode_test/wer_18_1.0
%WER 8.07 [ 1716 / 21259, 178 ins, 566 del, 972 sub ]
%SER 51.57 [ 722 / 1400 ]
./exp/LIP-RTVE/100fps/speaker-dependent/pase-acoustic-features/nnet2_hl2_dim2000-400/decode_test/wer_18_2.0
%WER 8.82 [ 1876 / 21259, 143 ins, 729 del, 1004 sub ]
%SER 54.14 [ 758 / 1400 ]
./exp/LIP-RTVE/100fps/speaker-dependent/pase-acoustic-features/nnet2_hl2_dim2000-400/decode_test/wer_18_3.0
%WER 9.46 [ 2012 / 21259, 126 ins, 855 del, 1031 sub ]
%SER 56.07 [ 785 / 1400 ]
./exp/LIP-RTVE/100fps/speaker-dependent/pase-acoustic-features/nnet2_hl2_dim2000-400/decode_test/wer_18_4.0
%WER 10.20 [ 2169 / 21259, 115 ins, 968 del, 1086 sub ]
%SER 57.21 [ 801 / 1400 ]
./exp/LIP-RTVE/100fps/speaker-dependent/pase-acoustic-features/nnet2_hl2_dim2000-400/decode_test/wer_18_5.0
%WER 10.73 [ 2281 / 21259, 112 ins, 1043 del, 1126 sub ]
%SER 58.36 [ 817 / 1400 ]
./exp/LIP-RTVE/100fps/speaker-dependent/pase-acoustic-features/nnet2_hl2_dim2000-400/decode_test/wer_19_-1.0
%WER 7.78 [ 1654 / 21259, 316 ins, 334 del, 1004 sub ]
%SER 50.79 [ 711 / 1400 ]
./exp/LIP-RTVE/100fps/speaker-dependent/pase-acoustic-features/nnet2_hl2_dim2000-400/decode_test/wer_19_-2.0
%WER 8.28 [ 1761 / 21259, 450 ins, 256 del, 1055 sub ]
%SER 51.86 [ 726 / 1400 ]
./exp/LIP-RTVE/100fps/speaker-dependent/pase-acoustic-features/nnet2_hl2_dim2000-400/decode_test/wer_19_-3.0
%WER 9.16 [ 1948 / 21259, 661 ins, 183 del, 1104 sub ]
%SER 53.43 [ 748 / 1400 ]
./exp/LIP-RTVE/100fps/speaker-dependent/pase-acoustic-features/nnet2_hl2_dim2000-400/decode_test/wer_19_-4.0
%WER 10.31 [ 2192 / 21259, 888 ins, 146 del, 1158 sub ]
%SER 57.00 [ 798 / 1400 ]
./exp/LIP-RTVE/100fps/speaker-dependent/pase-acoustic-features/nnet2_hl2_dim2000-400/decode_test/wer_19_-5.0
%WER 11.52 [ 2448 / 21259, 1107 ins, 121 del, 1220 sub ]
%SER 60.50 [ 847 / 1400 ]
./exp/LIP-RTVE/100fps/speaker-dependent/pase-acoustic-features/nnet2_hl2_dim2000-400/decode_test/wer_19_0.0
%WER 7.85 [ 1668 / 21259, 233 ins, 458 del, 977 sub ]
%SER 51.29 [ 718 / 1400 ]
./exp/LIP-RTVE/100fps/speaker-dependent/pase-acoustic-features/nnet2_hl2_dim2000-400/decode_test/wer_19_1.0
%WER 8.14 [ 1730 / 21259, 173 ins, 579 del, 978 sub ]
%SER 52.43 [ 734 / 1400 ]
./exp/LIP-RTVE/100fps/speaker-dependent/pase-acoustic-features/nnet2_hl2_dim2000-400/decode_test/wer_19_2.0
%WER 8.90 [ 1891 / 21259, 139 ins, 744 del, 1008 sub ]
%SER 54.86 [ 768 / 1400 ]
./exp/LIP-RTVE/100fps/speaker-dependent/pase-acoustic-features/nnet2_hl2_dim2000-400/decode_test/wer_19_3.0
%WER 9.52 [ 2023 / 21259, 124 ins, 868 del, 1031 sub ]
%SER 56.50 [ 791 / 1400 ]
./exp/LIP-RTVE/100fps/speaker-dependent/pase-acoustic-features/nnet2_hl2_dim2000-400/decode_test/wer_19_4.0
%WER 10.21 [ 2170 / 21259, 115 ins, 971 del, 1084 sub ]
%SER 57.64 [ 807 / 1400 ]
./exp/LIP-RTVE/100fps/speaker-dependent/pase-acoustic-features/nnet2_hl2_dim2000-400/decode_test/wer_19_5.0
%WER 10.75 [ 2286 / 21259, 111 ins, 1046 del, 1129 sub ]
%SER 58.86 [ 824 / 1400 ]
./exp/LIP-RTVE/100fps/speaker-dependent/pase-acoustic-features/nnet2_hl2_dim2000-400/decode_test/wer_1_-1.0
%WER 11.13 [ 2366 / 21259, 703 ins, 311 del, 1352 sub ]
%SER 55.50 [ 777 / 1400 ]
./exp/LIP-RTVE/100fps/speaker-dependent/pase-acoustic-features/nnet2_hl2_dim2000-400/decode_test/wer_1_-2.0
%WER 11.19 [ 2378 / 21259, 724 ins, 301 del, 1353 sub ]
%SER 55.71 [ 780 / 1400 ]
./exp/LIP-RTVE/100fps/speaker-dependent/pase-acoustic-features/nnet2_hl2_dim2000-400/decode_test/wer_1_-3.0
%WER 11.30 [ 2402 / 21259, 748 ins, 294 del, 1360 sub ]
%SER 55.79 [ 781 / 1400 ]
./exp/LIP-RTVE/100fps/speaker-dependent/pase-acoustic-features/nnet2_hl2_dim2000-400/decode_test/wer_1_-4.0
%WER 11.47 [ 2438 / 21259, 777 ins, 292 del, 1369 sub ]
%SER 56.29 [ 788 / 1400 ]
./exp/LIP-RTVE/100fps/speaker-dependent/pase-acoustic-features/nnet2_hl2_dim2000-400/decode_test/wer_1_-5.0
%WER 11.64 [ 2475 / 21259, 805 ins, 282 del, 1388 sub ]
%SER 56.64 [ 793 / 1400 ]
./exp/LIP-RTVE/100fps/speaker-dependent/pase-acoustic-features/nnet2_hl2_dim2000-400/decode_test/wer_1_0.0
%WER 11.12 [ 2364 / 21259, 692 ins, 321 del, 1351 sub ]
%SER 55.50 [ 777 / 1400 ]
./exp/LIP-RTVE/100fps/speaker-dependent/pase-acoustic-features/nnet2_hl2_dim2000-400/decode_test/wer_1_1.0
%WER 11.12 [ 2364 / 21259, 683 ins, 328 del, 1353 sub ]
%SER 55.57 [ 778 / 1400 ]
./exp/LIP-RTVE/100fps/speaker-dependent/pase-acoustic-features/nnet2_hl2_dim2000-400/decode_test/wer_1_2.0
%WER 11.22 [ 2386 / 21259, 670 ins, 351 del, 1365 sub ]
%SER 55.86 [ 782 / 1400 ]
./exp/LIP-RTVE/100fps/speaker-dependent/pase-acoustic-features/nnet2_hl2_dim2000-400/decode_test/wer_1_3.0
%WER 11.33 [ 2409 / 21259, 656 ins, 374 del, 1379 sub ]
%SER 56.00 [ 784 / 1400 ]
./exp/LIP-RTVE/100fps/speaker-dependent/pase-acoustic-features/nnet2_hl2_dim2000-400/decode_test/wer_1_4.0
%WER 11.38 [ 2420 / 21259, 645 ins, 388 del, 1387 sub ]
%SER 56.21 [ 787 / 1400 ]
./exp/LIP-RTVE/100fps/speaker-dependent/pase-acoustic-features/nnet2_hl2_dim2000-400/decode_test/wer_1_5.0
%WER 11.44 [ 2431 / 21259, 631 ins, 406 del, 1394 sub ]
%SER 56.21 [ 787 / 1400 ]
./exp/LIP-RTVE/100fps/speaker-dependent/pase-acoustic-features/nnet2_hl2_dim2000-400/decode_test/wer_20_-1.0
%WER 7.81 [ 1660 / 21259, 313 ins, 338 del, 1009 sub ]
%SER 51.14 [ 716 / 1400 ]
./exp/LIP-RTVE/100fps/speaker-dependent/pase-acoustic-features/nnet2_hl2_dim2000-400/decode_test/wer_20_-2.0
%WER 8.23 [ 1750 / 21259, 439 ins, 256 del, 1055 sub ]
%SER 52.21 [ 731 / 1400 ]
./exp/LIP-RTVE/100fps/speaker-dependent/pase-acoustic-features/nnet2_hl2_dim2000-400/decode_test/wer_20_-3.0
%WER 9.16 [ 1947 / 21259, 656 ins, 184 del, 1107 sub ]
%SER 53.93 [ 755 / 1400 ]
./exp/LIP-RTVE/100fps/speaker-dependent/pase-acoustic-features/nnet2_hl2_dim2000-400/decode_test/wer_20_-4.0
%WER 10.33 [ 2197 / 21259, 889 ins, 147 del, 1161 sub ]
%SER 57.21 [ 801 / 1400 ]
./exp/LIP-RTVE/100fps/speaker-dependent/pase-acoustic-features/nnet2_hl2_dim2000-400/decode_test/wer_20_-5.0
%WER 11.52 [ 2449 / 21259, 1103 ins, 123 del, 1223 sub ]
%SER 60.64 [ 849 / 1400 ]
./exp/LIP-RTVE/100fps/speaker-dependent/pase-acoustic-features/nnet2_hl2_dim2000-400/decode_test/wer_20_0.0
%WER 7.83 [ 1665 / 21259, 226 ins, 466 del, 973 sub ]
%SER 51.50 [ 721 / 1400 ]
./exp/LIP-RTVE/100fps/speaker-dependent/pase-acoustic-features/nnet2_hl2_dim2000-400/decode_test/wer_20_1.0
%WER 8.21 [ 1745 / 21259, 168 ins, 595 del, 982 sub ]
%SER 52.86 [ 740 / 1400 ]
./exp/LIP-RTVE/100fps/speaker-dependent/pase-acoustic-features/nnet2_hl2_dim2000-400/decode_test/wer_20_2.0
%WER 8.93 [ 1899 / 21259, 137 ins, 753 del, 1009 sub ]
%SER 55.57 [ 778 / 1400 ]
./exp/LIP-RTVE/100fps/speaker-dependent/pase-acoustic-features/nnet2_hl2_dim2000-400/decode_test/wer_20_3.0
%WER 9.56 [ 2032 / 21259, 122 ins, 875 del, 1035 sub ]
%SER 56.79 [ 795 / 1400 ]
./exp/LIP-RTVE/100fps/speaker-dependent/pase-acoustic-features/nnet2_hl2_dim2000-400/decode_test/wer_20_4.0
%WER 10.22 [ 2173 / 21259, 114 ins, 973 del, 1086 sub ]
%SER 57.93 [ 811 / 1400 ]
./exp/LIP-RTVE/100fps/speaker-dependent/pase-acoustic-features/nnet2_hl2_dim2000-400/decode_test/wer_20_5.0
%WER 10.75 [ 2286 / 21259, 111 ins, 1045 del, 1130 sub ]
%SER 59.21 [ 829 / 1400 ]
./exp/LIP-RTVE/100fps/speaker-dependent/pase-acoustic-features/nnet2_hl2_dim2000-400/decode_test/wer_2_-1.0
%WER 10.83 [ 2303 / 21259, 690 ins, 308 del, 1305 sub ]
%SER 54.07 [ 757 / 1400 ]
./exp/LIP-RTVE/100fps/speaker-dependent/pase-acoustic-features/nnet2_hl2_dim2000-400/decode_test/wer_2_-2.0
%WER 10.97 [ 2333 / 21259, 725 ins, 294 del, 1314 sub ]
%SER 54.57 [ 764 / 1400 ]
./exp/LIP-RTVE/100fps/speaker-dependent/pase-acoustic-features/nnet2_hl2_dim2000-400/decode_test/wer_2_-3.0
%WER 11.08 [ 2355 / 21259, 755 ins, 276 del, 1324 sub ]
%SER 54.79 [ 767 / 1400 ]
./exp/LIP-RTVE/100fps/speaker-dependent/pase-acoustic-features/nnet2_hl2_dim2000-400/decode_test/wer_2_-4.0
%WER 11.25 [ 2392 / 21259, 795 ins, 262 del, 1335 sub ]
%SER 55.07 [ 771 / 1400 ]
./exp/LIP-RTVE/100fps/speaker-dependent/pase-acoustic-features/nnet2_hl2_dim2000-400/decode_test/wer_2_-5.0
%WER 11.50 [ 2445 / 21259, 843 ins, 248 del, 1354 sub ]
%SER 55.50 [ 777 / 1400 ]
./exp/LIP-RTVE/100fps/speaker-dependent/pase-acoustic-features/nnet2_hl2_dim2000-400/decode_test/wer_2_0.0
%WER 10.75 [ 2286 / 21259, 662 ins, 325 del, 1299 sub ]
%SER 53.64 [ 751 / 1400 ]
./exp/LIP-RTVE/100fps/speaker-dependent/pase-acoustic-features/nnet2_hl2_dim2000-400/decode_test/wer_2_1.0
%WER 10.74 [ 2284 / 21259, 642 ins, 340 del, 1302 sub ]
%SER 53.79 [ 753 / 1400 ]
./exp/LIP-RTVE/100fps/speaker-dependent/pase-acoustic-features/nnet2_hl2_dim2000-400/decode_test/wer_2_2.0
%WER 10.88 [ 2313 / 21259, 619 ins, 369 del, 1325 sub ]
%SER 54.14 [ 758 / 1400 ]
./exp/LIP-RTVE/100fps/speaker-dependent/pase-acoustic-features/nnet2_hl2_dim2000-400/decode_test/wer_2_3.0
%WER 11.01 [ 2341 / 21259, 601 ins, 400 del, 1340 sub ]
%SER 54.43 [ 762 / 1400 ]
./exp/LIP-RTVE/100fps/speaker-dependent/pase-acoustic-features/nnet2_hl2_dim2000-400/decode_test/wer_2_4.0
%WER 11.07 [ 2354 / 21259, 580 ins, 429 del, 1345 sub ]
%SER 55.14 [ 772 / 1400 ]
./exp/LIP-RTVE/100fps/speaker-dependent/pase-acoustic-features/nnet2_hl2_dim2000-400/decode_test/wer_2_5.0
%WER 11.12 [ 2363 / 21259, 554 ins, 461 del, 1348 sub ]
%SER 55.21 [ 773 / 1400 ]
./exp/LIP-RTVE/100fps/speaker-dependent/pase-acoustic-features/nnet2_hl2_dim2000-400/decode_test/wer_3_-1.0
%WER 10.55 [ 2242 / 21259, 670 ins, 303 del, 1269 sub ]
%SER 53.29 [ 746 / 1400 ]
./exp/LIP-RTVE/100fps/speaker-dependent/pase-acoustic-features/nnet2_hl2_dim2000-400/decode_test/wer_3_-2.0
%WER 10.73 [ 2281 / 21259, 716 ins, 281 del, 1284 sub ]
%SER 53.71 [ 752 / 1400 ]
./exp/LIP-RTVE/100fps/speaker-dependent/pase-acoustic-features/nnet2_hl2_dim2000-400/decode_test/wer_3_-3.0
%WER 10.88 [ 2314 / 21259, 764 ins, 256 del, 1294 sub ]
%SER 53.93 [ 755 / 1400 ]
./exp/LIP-RTVE/100fps/speaker-dependent/pase-acoustic-features/nnet2_hl2_dim2000-400/decode_test/wer_3_-4.0
%WER 11.16 [ 2373 / 21259, 825 ins, 238 del, 1310 sub ]
%SER 54.57 [ 764 / 1400 ]
./exp/LIP-RTVE/100fps/speaker-dependent/pase-acoustic-features/nnet2_hl2_dim2000-400/decode_test/wer_3_-5.0
%WER 11.43 [ 2429 / 21259, 879 ins, 225 del, 1325 sub ]
%SER 55.36 [ 775 / 1400 ]
./exp/LIP-RTVE/100fps/speaker-dependent/pase-acoustic-features/nnet2_hl2_dim2000-400/decode_test/wer_3_0.0
%WER 10.53 [ 2239 / 21259, 637 ins, 327 del, 1275 sub ]
%SER 53.00 [ 742 / 1400 ]
./exp/LIP-RTVE/100fps/speaker-dependent/pase-acoustic-features/nnet2_hl2_dim2000-400/decode_test/wer_3_1.0
%WER 10.52 [ 2236 / 21259, 605 ins, 357 del, 1274 sub ]
%SER 53.07 [ 743 / 1400 ]
./exp/LIP-RTVE/100fps/speaker-dependent/pase-acoustic-features/nnet2_hl2_dim2000-400/decode_test/wer_3_2.0
%WER 10.51 [ 2235 / 21259, 571 ins, 390 del, 1274 sub ]
%SER 53.71 [ 752 / 1400 ]
./exp/LIP-RTVE/100fps/speaker-dependent/pase-acoustic-features/nnet2_hl2_dim2000-400/decode_test/wer_3_3.0
%WER 10.60 [ 2254 / 21259, 535 ins, 432 del, 1287 sub ]
%SER 54.07 [ 757 / 1400 ]
./exp/LIP-RTVE/100fps/speaker-dependent/pase-acoustic-features/nnet2_hl2_dim2000-400/decode_test/wer_3_4.0
%WER 10.72 [ 2279 / 21259, 508 ins, 469 del, 1302 sub ]
%SER 54.57 [ 764 / 1400 ]
./exp/LIP-RTVE/100fps/speaker-dependent/pase-acoustic-features/nnet2_hl2_dim2000-400/decode_test/wer_3_5.0
%WER 10.78 [ 2291 / 21259, 475 ins, 500 del, 1316 sub ]
%SER 54.57 [ 764 / 1400 ]
./exp/LIP-RTVE/100fps/speaker-dependent/pase-acoustic-features/nnet2_hl2_dim2000-400/decode_test/wer_4_-1.0
%WER 10.36 [ 2202 / 21259, 659 ins, 301 del, 1242 sub ]
%SER 52.93 [ 741 / 1400 ]
./exp/LIP-RTVE/100fps/speaker-dependent/pase-acoustic-features/nnet2_hl2_dim2000-400/decode_test/wer_4_-2.0
%WER 10.45 [ 2222 / 21259, 708 ins, 268 del, 1246 sub ]
%SER 53.14 [ 744 / 1400 ]
./exp/LIP-RTVE/100fps/speaker-dependent/pase-acoustic-features/nnet2_hl2_dim2000-400/decode_test/wer_4_-3.0
%WER 10.73 [ 2282 / 21259, 775 ins, 242 del, 1265 sub ]
%SER 53.93 [ 755 / 1400 ]
./exp/LIP-RTVE/100fps/speaker-dependent/pase-acoustic-features/nnet2_hl2_dim2000-400/decode_test/wer_4_-4.0
%WER 11.06 [ 2351 / 21259, 854 ins, 215 del, 1282 sub ]
%SER 54.57 [ 764 / 1400 ]
./exp/LIP-RTVE/100fps/speaker-dependent/pase-acoustic-features/nnet2_hl2_dim2000-400/decode_test/wer_4_-5.0
%WER 11.40 [ 2423 / 21259, 919 ins, 194 del, 1310 sub ]
%SER 55.36 [ 775 / 1400 ]
./exp/LIP-RTVE/100fps/speaker-dependent/pase-acoustic-features/nnet2_hl2_dim2000-400/decode_test/wer_4_0.0
%WER 10.22 [ 2172 / 21259, 601 ins, 329 del, 1242 sub ]
%SER 52.93 [ 741 / 1400 ]
./exp/LIP-RTVE/100fps/speaker-dependent/pase-acoustic-features/nnet2_hl2_dim2000-400/decode_test/wer_4_1.0
%WER 10.19 [ 2166 / 21259, 556 ins, 372 del, 1238 sub ]
%SER 53.36 [ 747 / 1400 ]
./exp/LIP-RTVE/100fps/speaker-dependent/pase-acoustic-features/nnet2_hl2_dim2000-400/decode_test/wer_4_2.0
%WER 10.16 [ 2159 / 21259, 507 ins, 414 del, 1238 sub ]
%SER 53.64 [ 751 / 1400 ]
./exp/LIP-RTVE/100fps/speaker-dependent/pase-acoustic-features/nnet2_hl2_dim2000-400/decode_test/wer_4_3.0
%WER 10.21 [ 2170 / 21259, 464 ins, 454 del, 1252 sub ]
%SER 53.64 [ 751 / 1400 ]
./exp/LIP-RTVE/100fps/speaker-dependent/pase-acoustic-features/nnet2_hl2_dim2000-400/decode_test/wer_4_4.0
%WER 10.39 [ 2209 / 21259, 441 ins, 496 del, 1272 sub ]
%SER 54.21 [ 759 / 1400 ]
./exp/LIP-RTVE/100fps/speaker-dependent/pase-acoustic-features/nnet2_hl2_dim2000-400/decode_test/wer_4_5.0
%WER 10.63 [ 2259 / 21259, 416 ins, 544 del, 1299 sub ]
%SER 54.79 [ 767 / 1400 ]
./exp/LIP-RTVE/100fps/speaker-dependent/pase-acoustic-features/nnet2_hl2_dim2000-400/decode_test/wer_5_-1.0
%WER 10.12 [ 2151 / 21259, 642 ins, 290 del, 1219 sub ]
%SER 52.14 [ 730 / 1400 ]
./exp/LIP-RTVE/100fps/speaker-dependent/pase-acoustic-features/nnet2_hl2_dim2000-400/decode_test/wer_5_-2.0
%WER 10.23 [ 2175 / 21259, 698 ins, 251 del, 1226 sub ]
%SER 52.64 [ 737 / 1400 ]
./exp/LIP-RTVE/100fps/speaker-dependent/pase-acoustic-features/nnet2_hl2_dim2000-400/decode_test/wer_5_-3.0
%WER 10.56 [ 2245 / 21259, 780 ins, 224 del, 1241 sub ]
%SER 53.07 [ 743 / 1400 ]
./exp/LIP-RTVE/100fps/speaker-dependent/pase-acoustic-features/nnet2_hl2_dim2000-400/decode_test/wer_5_-4.0
%WER 10.92 [ 2321 / 21259, 864 ins, 194 del, 1263 sub ]
%SER 53.86 [ 754 / 1400 ]
./exp/LIP-RTVE/100fps/speaker-dependent/pase-acoustic-features/nnet2_hl2_dim2000-400/decode_test/wer_5_-5.0
%WER 11.35 [ 2413 / 21259, 951 ins, 174 del, 1288 sub ]
%SER 54.86 [ 768 / 1400 ]
./exp/LIP-RTVE/100fps/speaker-dependent/pase-acoustic-features/nnet2_hl2_dim2000-400/decode_test/wer_5_0.0
%WER 9.90 [ 2105 / 21259, 559 ins, 340 del, 1206 sub ]
%SER 52.57 [ 736 / 1400 ]
./exp/LIP-RTVE/100fps/speaker-dependent/pase-acoustic-features/nnet2_hl2_dim2000-400/decode_test/wer_5_1.0
%WER 9.88 [ 2101 / 21259, 510 ins, 390 del, 1201 sub ]
%SER 52.71 [ 738 / 1400 ]
./exp/LIP-RTVE/100fps/speaker-dependent/pase-acoustic-features/nnet2_hl2_dim2000-400/decode_test/wer_5_2.0
%WER 9.85 [ 2095 / 21259, 451 ins, 429 del, 1215 sub ]
%SER 52.71 [ 738 / 1400 ]
./exp/LIP-RTVE/100fps/speaker-dependent/pase-acoustic-features/nnet2_hl2_dim2000-400/decode_test/wer_5_3.0
%WER 10.04 [ 2134 / 21259, 422 ins, 478 del, 1234 sub ]
%SER 53.14 [ 744 / 1400 ]
./exp/LIP-RTVE/100fps/speaker-dependent/pase-acoustic-features/nnet2_hl2_dim2000-400/decode_test/wer_5_4.0
%WER 10.23 [ 2175 / 21259, 395 ins, 528 del, 1252 sub ]
%SER 54.07 [ 757 / 1400 ]
./exp/LIP-RTVE/100fps/speaker-dependent/pase-acoustic-features/nnet2_hl2_dim2000-400/decode_test/wer_5_5.0
%WER 10.44 [ 2219 / 21259, 360 ins, 587 del, 1272 sub ]
%SER 54.64 [ 765 / 1400 ]
./exp/LIP-RTVE/100fps/speaker-dependent/pase-acoustic-features/nnet2_hl2_dim2000-400/decode_test/wer_6_-1.0
%WER 9.74 [ 2070 / 21259, 607 ins, 293 del, 1170 sub ]
%SER 51.71 [ 724 / 1400 ]
./exp/LIP-RTVE/100fps/speaker-dependent/pase-acoustic-features/nnet2_hl2_dim2000-400/decode_test/wer_6_-2.0
%WER 9.94 [ 2114 / 21259, 688 ins, 240 del, 1186 sub ]
%SER 52.00 [ 728 / 1400 ]
./exp/LIP-RTVE/100fps/speaker-dependent/pase-acoustic-features/nnet2_hl2_dim2000-400/decode_test/wer_6_-3.0
%WER 10.38 [ 2206 / 21259, 783 ins, 212 del, 1211 sub ]
%SER 52.64 [ 737 / 1400 ]
./exp/LIP-RTVE/100fps/speaker-dependent/pase-acoustic-features/nnet2_hl2_dim2000-400/decode_test/wer_6_-4.0
%WER 10.72 [ 2279 / 21259, 871 ins, 182 del, 1226 sub ]
%SER 53.29 [ 746 / 1400 ]
./exp/LIP-RTVE/100fps/speaker-dependent/pase-acoustic-features/nnet2_hl2_dim2000-400/decode_test/wer_6_-5.0
%WER 11.25 [ 2391 / 21259, 977 ins, 152 del, 1262 sub ]
%SER 54.93 [ 769 / 1400 ]
./exp/LIP-RTVE/100fps/speaker-dependent/pase-acoustic-features/nnet2_hl2_dim2000-400/decode_test/wer_6_0.0
%WER 9.52 [ 2024 / 21259, 524 ins, 341 del, 1159 sub ]
%SER 51.43 [ 720 / 1400 ]
./exp/LIP-RTVE/100fps/speaker-dependent/pase-acoustic-features/nnet2_hl2_dim2000-400/decode_test/wer_6_1.0
%WER 9.47 [ 2014 / 21259, 459 ins, 391 del, 1164 sub ]
%SER 51.79 [ 725 / 1400 ]
./exp/LIP-RTVE/100fps/speaker-dependent/pase-acoustic-features/nnet2_hl2_dim2000-400/decode_test/wer_6_2.0
%WER 9.55 [ 2031 / 21259, 417 ins, 436 del, 1178 sub ]
%SER 52.00 [ 728 / 1400 ]
./exp/LIP-RTVE/100fps/speaker-dependent/pase-acoustic-features/nnet2_hl2_dim2000-400/decode_test/wer_6_3.0
%WER 9.71 [ 2064 / 21259, 377 ins, 490 del, 1197 sub ]
%SER 52.36 [ 733 / 1400 ]
./exp/LIP-RTVE/100fps/speaker-dependent/pase-acoustic-features/nnet2_hl2_dim2000-400/decode_test/wer_6_4.0
%WER 9.99 [ 2124 / 21259, 335 ins, 568 del, 1221 sub ]
%SER 53.29 [ 746 / 1400 ]
./exp/LIP-RTVE/100fps/speaker-dependent/pase-acoustic-features/nnet2_hl2_dim2000-400/decode_test/wer_6_5.0
%WER 10.19 [ 2166 / 21259, 294 ins, 643 del, 1229 sub ]
%SER 54.29 [ 760 / 1400 ]
./exp/LIP-RTVE/100fps/speaker-dependent/pase-acoustic-features/nnet2_hl2_dim2000-400/decode_test/wer_7_-1.0
%WER 9.27 [ 1970 / 21259, 575 ins, 283 del, 1112 sub ]
%SER 50.50 [ 707 / 1400 ]
./exp/LIP-RTVE/100fps/speaker-dependent/pase-acoustic-features/nnet2_hl2_dim2000-400/decode_test/wer_7_-2.0
%WER 9.61 [ 2044 / 21259, 660 ins, 240 del, 1144 sub ]
%SER 51.14 [ 716 / 1400 ]
./exp/LIP-RTVE/100fps/speaker-dependent/pase-acoustic-features/nnet2_hl2_dim2000-400/decode_test/wer_7_-3.0
%WER 10.07 [ 2140 / 21259, 776 ins, 196 del, 1168 sub ]
%SER 52.00 [ 728 / 1400 ]
./exp/LIP-RTVE/100fps/speaker-dependent/pase-acoustic-features/nnet2_hl2_dim2000-400/decode_test/wer_7_-4.0
%WER 10.57 [ 2247 / 21259, 887 ins, 168 del, 1192 sub ]
%SER 52.64 [ 737 / 1400 ]
./exp/LIP-RTVE/100fps/speaker-dependent/pase-acoustic-features/nnet2_hl2_dim2000-400/decode_test/wer_7_-5.0
%WER 11.24 [ 2390 / 21259, 1006 ins, 144 del, 1240 sub ]
%SER 54.57 [ 764 / 1400 ]
./exp/LIP-RTVE/100fps/speaker-dependent/pase-acoustic-features/nnet2_hl2_dim2000-400/decode_test/wer_7_0.0
%WER 9.13 [ 1941 / 21259, 487 ins, 340 del, 1114 sub ]
%SER 50.71 [ 710 / 1400 ]
./exp/LIP-RTVE/100fps/speaker-dependent/pase-acoustic-features/nnet2_hl2_dim2000-400/decode_test/wer_7_1.0
%WER 9.05 [ 1925 / 21259, 417 ins, 399 del, 1109 sub ]
%SER 51.14 [ 716 / 1400 ]
./exp/LIP-RTVE/100fps/speaker-dependent/pase-acoustic-features/nnet2_hl2_dim2000-400/decode_test/wer_7_2.0
%WER 9.08 [ 1931 / 21259, 361 ins, 446 del, 1124 sub ]
%SER 51.21 [ 717 / 1400 ]
./exp/LIP-RTVE/100fps/speaker-dependent/pase-acoustic-features/nnet2_hl2_dim2000-400/decode_test/wer_7_3.0
%WER 9.35 [ 1987 / 21259, 321 ins, 532 del, 1134 sub ]
%SER 51.57 [ 722 / 1400 ]
./exp/LIP-RTVE/100fps/speaker-dependent/pase-acoustic-features/nnet2_hl2_dim2000-400/decode_test/wer_7_4.0
%WER 9.65 [ 2052 / 21259, 270 ins, 622 del, 1160 sub ]
%SER 52.79 [ 739 / 1400 ]
./exp/LIP-RTVE/100fps/speaker-dependent/pase-acoustic-features/nnet2_hl2_dim2000-400/decode_test/wer_7_5.0
%WER 9.81 [ 2086 / 21259, 235 ins, 687 del, 1164 sub ]
%SER 53.57 [ 750 / 1400 ]
./exp/LIP-RTVE/100fps/speaker-dependent/pase-acoustic-features/nnet2_hl2_dim2000-400/decode_test/wer_8_-1.0
%WER 8.97 [ 1906 / 21259, 547 ins, 278 del, 1081 sub ]
%SER 49.86 [ 698 / 1400 ]
./exp/LIP-RTVE/100fps/speaker-dependent/pase-acoustic-features/nnet2_hl2_dim2000-400/decode_test/wer_8_-2.0
%WER 9.30 [ 1977 / 21259, 643 ins, 231 del, 1103 sub ]
%SER 50.36 [ 705 / 1400 ]
./exp/LIP-RTVE/100fps/speaker-dependent/pase-acoustic-features/nnet2_hl2_dim2000-400/decode_test/wer_8_-3.0
%WER 9.83 [ 2090 / 21259, 765 ins, 192 del, 1133 sub ]
%SER 51.36 [ 719 / 1400 ]
./exp/LIP-RTVE/100fps/speaker-dependent/pase-acoustic-features/nnet2_hl2_dim2000-400/decode_test/wer_8_-4.0
%WER 10.41 [ 2214 / 21259, 889 ins, 158 del, 1167 sub ]
%SER 52.36 [ 733 / 1400 ]
./exp/LIP-RTVE/100fps/speaker-dependent/pase-acoustic-features/nnet2_hl2_dim2000-400/decode_test/wer_8_-5.0
%WER 11.26 [ 2393 / 21259, 1034 ins, 139 del, 1220 sub ]
%SER 54.57 [ 764 / 1400 ]
./exp/LIP-RTVE/100fps/speaker-dependent/pase-acoustic-features/nnet2_hl2_dim2000-400/decode_test/wer_8_0.0
%WER 8.75 [ 1860 / 21259, 447 ins, 341 del, 1072 sub ]
%SER 50.07 [ 701 / 1400 ]
./exp/LIP-RTVE/100fps/speaker-dependent/pase-acoustic-features/nnet2_hl2_dim2000-400/decode_test/wer_8_1.0
%WER 8.69 [ 1848 / 21259, 371 ins, 399 del, 1078 sub ]
%SER 50.21 [ 703 / 1400 ]
./exp/LIP-RTVE/100fps/speaker-dependent/pase-acoustic-features/nnet2_hl2_dim2000-400/decode_test/wer_8_2.0
%WER 8.79 [ 1869 / 21259, 315 ins, 470 del, 1084 sub ]
%SER 50.36 [ 705 / 1400 ]
./exp/LIP-RTVE/100fps/speaker-dependent/pase-acoustic-features/nnet2_hl2_dim2000-400/decode_test/wer_8_3.0
%WER 9.10 [ 1935 / 21259, 276 ins, 566 del, 1093 sub ]
%SER 51.50 [ 721 / 1400 ]
./exp/LIP-RTVE/100fps/speaker-dependent/pase-acoustic-features/nnet2_hl2_dim2000-400/decode_test/wer_8_4.0
%WER 9.46 [ 2011 / 21259, 235 ins, 655 del, 1121 sub ]
%SER 52.64 [ 737 / 1400 ]
./exp/LIP-RTVE/100fps/speaker-dependent/pase-acoustic-features/nnet2_hl2_dim2000-400/decode_test/wer_8_5.0
%WER 9.79 [ 2081 / 21259, 208 ins, 738 del, 1135 sub ]
%SER 53.29 [ 746 / 1400 ]
./exp/LIP-RTVE/100fps/speaker-dependent/pase-acoustic-features/nnet2_hl2_dim2000-400/decode_test/wer_9_-1.0
%WER 8.75 [ 1860 / 21259, 511 ins, 276 del, 1073 sub ]
%SER 49.79 [ 697 / 1400 ]
./exp/LIP-RTVE/100fps/speaker-dependent/pase-acoustic-features/nnet2_hl2_dim2000-400/decode_test/wer_9_-2.0
%WER 9.16 [ 1947 / 21259, 632 ins, 228 del, 1087 sub ]
%SER 50.14 [ 702 / 1400 ]
./exp/LIP-RTVE/100fps/speaker-dependent/pase-acoustic-features/nnet2_hl2_dim2000-400/decode_test/wer_9_-3.0
%WER 9.66 [ 2053 / 21259, 753 ins, 180 del, 1120 sub ]
%SER 51.36 [ 719 / 1400 ]
./exp/LIP-RTVE/100fps/speaker-dependent/pase-acoustic-features/nnet2_hl2_dim2000-400/decode_test/wer_9_-4.0
%WER 10.37 [ 2204 / 21259, 890 ins, 161 del, 1153 sub ]
%SER 52.71 [ 738 / 1400 ]
./exp/LIP-RTVE/100fps/speaker-dependent/pase-acoustic-features/nnet2_hl2_dim2000-400/decode_test/wer_9_-5.0
%WER 11.27 [ 2396 / 21259, 1051 ins, 133 del, 1212 sub ]
%SER 54.86 [ 768 / 1400 ]
./exp/LIP-RTVE/100fps/speaker-dependent/pase-acoustic-features/nnet2_hl2_dim2000-400/decode_test/wer_9_0.0
%WER 8.45 [ 1796 / 21259, 407 ins, 338 del, 1051 sub ]
%SER 49.43 [ 692 / 1400 ]
./exp/LIP-RTVE/100fps/speaker-dependent/pase-acoustic-features/nnet2_hl2_dim2000-400/decode_test/wer_9_1.0
%WER 8.41 [ 1788 / 21259, 330 ins, 413 del, 1045 sub ]
%SER 49.86 [ 698 / 1400 ]
./exp/LIP-RTVE/100fps/speaker-dependent/pase-acoustic-features/nnet2_hl2_dim2000-400/decode_test/wer_9_2.0
%WER 8.59 [ 1826 / 21259, 280 ins, 496 del, 1050 sub ]
%SER 50.57 [ 708 / 1400 ]
./exp/LIP-RTVE/100fps/speaker-dependent/pase-acoustic-features/nnet2_hl2_dim2000-400/decode_test/wer_9_3.0
%WER 8.97 [ 1906 / 21259, 244 ins, 602 del, 1060 sub ]
%SER 51.71 [ 724 / 1400 ]
./exp/LIP-RTVE/100fps/speaker-dependent/pase-acoustic-features/nnet2_hl2_dim2000-400/decode_test/wer_9_4.0
%WER 9.36 [ 1989 / 21259, 207 ins, 702 del, 1080 sub ]
%SER 52.57 [ 736 / 1400 ]
./exp/LIP-RTVE/100fps/speaker-dependent/pase-acoustic-features/nnet2_hl2_dim2000-400/decode_test/wer_9_5.0
%WER 9.72 [ 2067 / 21259, 175 ins, 791 del, 1101 sub ]
%SER 53.93 [ 755 / 1400 ]
score confidence and timing with sclite
Decoding done.

-------------------------------------
%WER 7.65 [ 1627 / 21259, 279 ins, 378 del, 970 sub ] ./exp/LIP-RTVE/100fps/speaker-dependent/pase-acoustic-features/nnet2_hl2_dim2000-400/decode_test/wer_14_0.0
-------------------------------------

